<?xml version="1.0" encoding="UTF-8" ?>
<<<<<<< .mine
<testsuite errors="0" failures="0" hostname="Fedee-PC" name="modelo.enemigostest.CecilioTest" tests="11" time="0.348" timestamp="2012-07-04T20:53:16">
=======
<testsuite errors="11" failures="0" hostname="Francisco-PC" name="modelo.enemigostest.CecilioTest" tests="11" time="0.078" timestamp="2012-07-02T21:46:47">
>>>>>>> .r360
  <properties>
    <property name="java.vendor" value="Oracle Corporation" />
    <property name="coverage.summaryxml.dir" value="C:\Users\Francisco\Desktop\proyectobomberman\BombitaTp2\build\reports\cobertura-summary-xml" />
    <property name="libs" value="C:\Users\Francisco\Desktop\proyectobomberman\BombitaTp2\libs" />
    <property name="sun.java.launcher" value="SUN_STANDARD" />
<<<<<<< .mine
    <property name="sun.management.compiler" value="HotSpot Client Compiler" />
=======
    <property name="sun.management.compiler" value="HotSpot 64-Bit Tiered Compilers" />
>>>>>>> .r360
    <property name="os.name" value="Windows 7" />
    <property name="sun.boot.class.path" value="C:\Program Files\Java\jre7\lib\resources.jar;C:\Program Files\Java\jre7\lib\rt.jar;C:\Program Files\Java\jre7\lib\sunrsasign.jar;C:\Program Files\Java\jre7\lib\jsse.jar;C:\Program Files\Java\jre7\lib\jce.jar;C:\Program Files\Java\jre7\lib\charsets.jar;C:\Program Files\Java\jre7\lib\jfr.jar;C:\Program Files\Java\jre7\classes" />
    <property name="reports.html.dir" value="C:\Users\Francisco\Desktop\proyectobomberman\BombitaTp2\build\reports\junit-html" />
    <property name="sun.desktop" value="windows" />
    <property name="java.vm.specification.vendor" value="Oracle Corporation" />
<<<<<<< .mine
    <property name="net.sourceforge.cobertura.datafile" value="C:\Users\Fedee\Desktop\proyectobomberman\BombitaTp2\build\cobertura.ser" />
    <property name="ant.home" value="C:\ant" />
    <property name="java.runtime.version" value="1.7.0_01-b08" />
    <property name="ant.file.type.titiritero" value="file" />
    <property name="cobertura.dir" value="C:\Users\Fedee\Desktop\proyectobomberman\BombitaTp2\libs" />
    <property name="user.name" value="Fedee" />
    <property name="ant.file.titiritero" value="C:\Users\Fedee\Desktop\proyectobomberman\BombitaTp2\build.xml" />
=======
    <property name="net.sourceforge.cobertura.datafile" value="C:\Users\Francisco\Desktop\proyectobomberman\BombitaTp2\build\cobertura.ser" />
    <property name="ant.home" value="C:\Users\Francisco\Desktop\Documents\Fran\Facultad\3° Año\Algoritmos y Programacion III\Eclipse\eclipse\plugins\org.apache.ant_1.7.1.v20100518-1145" />
    <property name="java.runtime.version" value="1.7.0_04-b22" />
    <property name="cobertura.dir" value="C:\Users\Francisco\Desktop\proyectobomberman\BombitaTp2\libs" />
    <property name="user.name" value="Francisco" />
    <property name="ant.file.titiritero" value="C:\Users\Francisco\Desktop\proyectobomberman\BombitaTp2\build.xml" />
>>>>>>> .r360
    <property name="user.language" value="es" />
    <property name="build" value="C:\Users\Francisco\Desktop\proyectobomberman\BombitaTp2\build" />
    <property name="sun.boot.library.path" value="C:\Program Files\Java\jre7\bin" />
    <property name="reports.dir" value="C:\Users\Francisco\Desktop\proyectobomberman\BombitaTp2\build\reports" />
    <property name="ant.project.name" value="titiritero" />
    <property name="java.version" value="1.7.0_04" />
    <property name="coverage.html.dir" value="C:\Users\Francisco\Desktop\proyectobomberman\BombitaTp2\build\reports\cobertura-html" />
    <property name="user.timezone" value="" />
    <property name="sun.arch.data.model" value="64" />
    <property name="java.endorsed.dirs" value="C:\Program Files\Java\jre7\lib\endorsed" />
    <property name="sun.cpu.isalist" value="amd64" />
    <property name="sun.jnu.encoding" value="Cp1252" />
    <property name="file.encoding.pkg" value="sun.io" />
    <property name="file.separator" value="\" />
    <property name="java.specification.name" value="Java Platform API Specification" />
    <property name="classes.dir" value="C:\Users\Francisco\Desktop\proyectobomberman\BombitaTp2\build" />
    <property name="java.class.version" value="51.0" />
    <property name="user.country" value="AR" />
    <property name="java.home" value="C:\Program Files\Java\jre7" />
    <property name="java.vm.info" value="mixed mode" />
    <property name="ant.file" value="C:\Users\Francisco\Desktop\proyectobomberman\BombitaTp2\build.xml" />
    <property name="os.version" value="6.1" />
    <property name="path.separator" value=";" />
    <property name="java.vm.version" value="23.0-b21" />
    <property name="user.variant" value="" />
<<<<<<< .mine
    <property name="ant.library.dir" value="C:\ant\lib" />
=======
    <property name="ant.library.dir" value="C:\Users\Francisco\Desktop\Documents\Fran\Facultad\3° Año\Algoritmos y Programacion III\Eclipse\eclipse\plugins\org.apache.ant_1.7.1.v20100518-1145\lib" />
>>>>>>> .r360
    <property name="java.awt.printerjob" value="sun.awt.windows.WPrinterJob" />
    <property name="sun.io.unicode.encoding" value="UnicodeLittle" />
    <property name="awt.toolkit" value="sun.awt.windows.WToolkit" />
    <property name="user.script" value="" />
<<<<<<< .mine
    <property name="reports.xml.dir" value="C:\Users\Fedee\Desktop\proyectobomberman\BombitaTp2\build\reports\junit-xml" />
    <property name="user.home" value="C:\Users\Fedee" />
=======
    <property name="reports.xml.dir" value="C:\Users\Francisco\Desktop\proyectobomberman\BombitaTp2\build\reports\junit-xml" />
    <property name="user.home" value="C:\Users\Francisco" />
>>>>>>> .r360
    <property name="java.specification.vendor" value="Oracle Corporation" />
<<<<<<< .mine
    <property name="coverage.xml.dir" value="C:\Users\Fedee\Desktop\proyectobomberman\BombitaTp2\build\reports\cobertura-xml" />
    <property name="java.library.path" value="C:\Program Files\Java\jdk1.7.0_01\jre\bin;C:\Windows\Sun\Java\bin;C:\Windows\system32;C:\Windows;C:\Windows\system32;C:\Windows;C:\Windows\System32\Wbem;C:\Windows\System32\WindowsPowerShell\v1.0\;C:\Program Files\QuickTime\QTSystem\;C:\Users\Fedee\Federico.doc\FIUBA\Algoritmos III\Programas\apache-ant-1.8.4\bin;C:\Program Files\TortoiseSVN\bin;C:\ant\bin;C:\Program Files\Java\jdk1.7.0_01\bin;." />
=======
    <property name="coverage.xml.dir" value="C:\Users\Francisco\Desktop\proyectobomberman\BombitaTp2\build\reports\cobertura-xml" />
    <property name="java.library.path" value="C:\Program Files\Java\jre7\bin;C:\Windows\Sun\Java\bin;C:\Windows\system32;C:\Windows;C:\Program Files\Common Files\Microsoft Shared\Windows Live;C:\Windows\system32;C:\Windows;C:\Windows\System32\Wbem;C:\Windows\System32\WindowsPowerShell\v1.0\;C:\Program Files (x86)\EgisTec MyWinLocker\x86;C:\Program Files (x86)\EgisTec MyWinLocker\x64;C:\Program Files\TortoiseSVN\bin;C:\Program Files\Java\jdk1.7.0_04;C:\Program Files\Java\jdk1.7.0_04\bin;C:\Program Files\Java\apache-ant-1.8.4\bin;C:\Program Files\Java\jre7\bin;C:\Program Files\Common Files\Microsoft Shared\Windows Live;." />
>>>>>>> .r360
    <property name="java.vendor.url" value="http://java.oracle.com/" />
    <property name="java.vm.vendor" value="Oracle Corporation" />
    <property name="java.runtime.name" value="Java(TM) SE Runtime Environment" />
<<<<<<< .mine
    <property name="sun.java.command" value="org.apache.tools.ant.taskdefs.optional.junit.JUnitTestRunner testsfile=C:\Users\Fedee\Desktop\proyectobomberman\BombitaTp2\junittestcases6766611261258945613.properties filtertrace=true haltOnError=false haltOnFailure=false showoutput=false outputtoformatters=true logfailedtests=true logtestlistenerevents=false formatter=org.apache.tools.ant.taskdefs.optional.junit.XMLJUnitResultFormatter,C:\Users\Fedee\Desktop\proyectobomberman\BombitaTp2\build\reports\junit-xml\IGNORETHIS.xml crashfile=C:\Users\Fedee\Desktop\proyectobomberman\BombitaTp2\junitvmwatcher1640137461449014792.properties propsfile=C:\Users\Fedee\Desktop\proyectobomberman\BombitaTp2\junit4702044278662413027.properties" />
    <property name="java.class.path" value="C:\Users\Fedee\Desktop\proyectobomberman\BombitaTp2\build\instrumented;C:\Users\Fedee\Desktop\proyectobomberman\BombitaTp2\build;C:\Users\Fedee\Desktop\proyectobomberman\BombitaTp2\libs\asm-3.0.jar;C:\Users\Fedee\Desktop\proyectobomberman\BombitaTp2\libs\asm-tree-3.0.jar;C:\Users\Fedee\Desktop\proyectobomberman\BombitaTp2\libs\checkstyle-5.5-all.jar;C:\Users\Fedee\Desktop\proyectobomberman\BombitaTp2\libs\cobertura.jar;C:\Users\Fedee\Desktop\proyectobomberman\BombitaTp2\libs\dom4j-1.6.1.jar;C:\Users\Fedee\Desktop\proyectobomberman\BombitaTp2\libs\jakarta-oro-2.0.8.jar;C:\Users\Fedee\Desktop\proyectobomberman\BombitaTp2\libs\junit-4.10.jar;C:\Users\Fedee\Desktop\proyectobomberman\BombitaTp2\libs\log4j-1.2.9.jar;C:\Users\Fedee\Desktop\proyectobomberman\BombitaTp2\libs\mockito-all-1.9.0.jar;C:\Users\Fedee\Desktop\proyectobomberman\BombitaTp2\build\tests;C:\Users\Fedee\Desktop\proyectobomberman\BombitaTp2;C:\Program Files\QuickTime\QTSystem\QTJava.zip;C:\Program Files\Java\jre7\lib;C:\ant\lib\ant-launcher.jar;C:\ant\lib\ant.jar;C:\ant\lib\ant-junit.jar;C:\ant\lib\ant-junit4.jar" />
    <property name="ant.version" value="Apache Ant(TM) version 1.8.4 compiled on May 22 2012" />
=======
    <property name="sun.java.command" value="org.apache.tools.ant.taskdefs.optional.junit.JUnitTestRunner testsfile=C:\Users\Francisco\Desktop\proyectobomberman\BombitaTp2\junittestcases7502541187816194400.properties filtertrace=true haltOnError=false haltOnFailure=false showoutput=false outputtoformatters=true logtestlistenerevents=true formatter=org.apache.tools.ant.taskdefs.optional.junit.XMLJUnitResultFormatter,C:\Users\Francisco\Desktop\proyectobomberman\BombitaTp2\build\reports\junit-xml\IGNORETHIS.xml crashfile=C:\Users\Francisco\Desktop\proyectobomberman\BombitaTp2\junitvmwatcher4842850628053038353.properties propsfile=C:\Users\Francisco\Desktop\proyectobomberman\BombitaTp2\junit1072292937826235189.properties" />
    <property name="java.class.path" value="C:\Users\Francisco\Desktop\proyectobomberman\BombitaTp2\build\instrumented;C:\Users\Francisco\Desktop\proyectobomberman\BombitaTp2\build;C:\Users\Francisco\Desktop\proyectobomberman\BombitaTp2\libs\asm-3.0.jar;C:\Users\Francisco\Desktop\proyectobomberman\BombitaTp2\libs\asm-tree-3.0.jar;C:\Users\Francisco\Desktop\proyectobomberman\BombitaTp2\libs\checkstyle-5.5-all.jar;C:\Users\Francisco\Desktop\proyectobomberman\BombitaTp2\libs\cobertura.jar;C:\Users\Francisco\Desktop\proyectobomberman\BombitaTp2\libs\dom4j-1.6.1.jar;C:\Users\Francisco\Desktop\proyectobomberman\BombitaTp2\libs\jakarta-oro-2.0.8.jar;C:\Users\Francisco\Desktop\proyectobomberman\BombitaTp2\libs\junit-4.10.jar;C:\Users\Francisco\Desktop\proyectobomberman\BombitaTp2\libs\log4j-1.2.9.jar;C:\Users\Francisco\Desktop\proyectobomberman\BombitaTp2\libs\mockito-all-1.9.0.jar;C:\Users\Francisco\Desktop\proyectobomberman\BombitaTp2\build\tests;C:\Users\Francisco\Desktop\Documents\Fran\Facultad\3° Año\Algoritmos y Programacion III\Eclipse\eclipse\plugins\org.apache.ant_1.7.1.v20100518-1145\lib\ant-launcher.jar;C:\Users\Francisco\Desktop\Documents\Fran\Facultad\3° Año\Algoritmos y Programacion III\Eclipse\eclipse\plugins\org.apache.ant_1.7.1.v20100518-1145\lib\ant.jar;C:\Users\Francisco\Desktop\Documents\Fran\Facultad\3° Año\Algoritmos y Programacion III\Eclipse\eclipse\plugins\org.apache.ant_1.7.1.v20100518-1145\lib\ant-junit.jar" />
    <property name="ant.version" value="Apache Ant version 1.7.1 compiled on June 27 2008" />
>>>>>>> .r360
    <property name="java.vm.specification.name" value="Java Virtual Machine Specification" />
    <property name="ant.file.type" value="file" />
    <property name="java.vm.specification.version" value="1.7" />
    <property name="sun.cpu.endian" value="little" />
    <property name="sun.os.patch.level" value="" />
<<<<<<< .mine
    <property name="java.io.tmpdir" value="C:\Users\Fedee\AppData\Local\Temp\" />
=======
    <property name="java.io.tmpdir" value="C:\Users\FRANCI~1\AppData\Local\Temp\" />
>>>>>>> .r360
    <property name="java.vendor.url.bug" value="http://bugreport.sun.com/bugreport/" />
    <property name="os.arch" value="amd64" />
    <property name="java.awt.graphicsenv" value="sun.awt.Win32GraphicsEnvironment" />
<<<<<<< .mine
    <property name="instrumented.dir" value="C:\Users\Fedee\Desktop\proyectobomberman\BombitaTp2\build\instrumented" />
    <property name="java.ext.dirs" value="C:\Program Files\Java\jdk1.7.0_01\jre\lib\ext;C:\Windows\Sun\Java\lib\ext" />
    <property name="user.dir" value="C:\Users\Fedee\Desktop\proyectobomberman\BombitaTp2" />
    <property name="line.separator" value="&#xd;&#xa;" />
    <property name="java.vm.name" value="Java HotSpot(TM) Client VM" />
    <property name="basedir" value="C:\Users\Fedee\Desktop\proyectobomberman\BombitaTp2" />
    <property name="ant.java.version" value="1.7" />
    <property name="ant.core.lib" value="C:\ant\lib\ant.jar" />
=======
    <property name="instrumented.dir" value="C:\Users\Francisco\Desktop\proyectobomberman\BombitaTp2\build\instrumented" />
    <property name="java.ext.dirs" value="C:\Program Files\Java\jre7\lib\ext;C:\Windows\Sun\Java\lib\ext" />
    <property name="user.dir" value="C:\Users\Francisco\Desktop\proyectobomberman\BombitaTp2" />
    <property name="line.separator" value="
" />
    <property name="java.vm.name" value="Java HotSpot(TM) 64-Bit Server VM" />
    <property name="basedir" value="C:\Users\Francisco\Desktop\proyectobomberman\BombitaTp2" />
    <property name="ant.java.version" value="1.6" />
    <property name="ant.core.lib" value="C:\Users\Francisco\Desktop\Documents\Fran\Facultad\3° Año\Algoritmos y Programacion III\Eclipse\eclipse\plugins\org.apache.ant_1.7.1.v20100518-1145\lib\ant.jar" />
>>>>>>> .r360
    <property name="file.encoding" value="Cp1252" />
    <property name="java.specification.version" value="1.7" />
    <property name="src.dir" value="C:\Users\Francisco\Desktop\proyectobomberman\BombitaTp2\src" />
  </properties>
<<<<<<< .mine
  <testcase classname="modelo.enemigostest.CecilioTest" name="testDaniar" time="0.002" />
  <testcase classname="modelo.enemigostest.CecilioTest" name="testSinVida" time="0.003" />
  <testcase classname="modelo.enemigostest.CecilioTest" name="testchocar" time="0.003" />
  <testcase classname="modelo.enemigostest.CecilioTest" name="testInicializarVelocidad" time="0.003" />
  <testcase classname="modelo.enemigostest.CecilioTest" name="testInicializarCoordenadaX" time="0.004" />
  <testcase classname="modelo.enemigostest.CecilioTest" name="testInicializarCoordenadaY" time="0.002" />
  <testcase classname="modelo.enemigostest.CecilioTest" name="testEnemigoAtacar" time="0.203" />
  <testcase classname="modelo.enemigostest.CecilioTest" name="testCaminarRandom" time="0.013" />
  <testcase classname="modelo.enemigostest.CecilioTest" name="testInicializarBomba" time="0.002" />
  <testcase classname="modelo.enemigostest.CecilioTest" name="testInicializarVida" time="0.002" />
  <testcase classname="modelo.enemigostest.CecilioTest" name="testRestarVida" time="0.005" />
=======
  <testcase classname="modelo.enemigostest.CecilioTest" name="testDaniar" time="0.0">
    <error message="Instruction type does not match stack map in method modelo.mapa.Mapa.guardar()Lorg/dom4j/Element; at offset 118" type="java.lang.VerifyError">java.lang.VerifyError: Instruction type does not match stack map in method modelo.mapa.Mapa.guardar()Lorg/dom4j/Element; at offset 118
	at java.lang.Class.getDeclaredConstructors0(Native Method)
	at java.lang.Class.privateGetDeclaredConstructors(Unknown Source)
	at java.lang.Class.getDeclaredConstructors(Unknown Source)
	at org.mockito.internal.creation.jmock.ClassImposterizer.setConstructorsAccessible(ClassImposterizer.java:58)
	at org.mockito.internal.creation.jmock.ClassImposterizer.imposterise(ClassImposterizer.java:53)
	at org.mockito.internal.util.MockUtil.createMock(MockUtil.java:52)
	at org.mockito.internal.MockitoCore.mock(MockitoCore.java:41)
	at org.mockito.Mockito.mock(Mockito.java:1014)
	at org.mockito.Mockito.mock(Mockito.java:909)
	at modelo.enemigostest.CecilioTest.&lt;init&gt;(CecilioTest.java:20)
	at java.lang.reflect.Constructor.newInstance(Unknown Source)
</error>
  </testcase>
  <testcase classname="modelo.enemigostest.CecilioTest" name="testSinVida" time="0.0">
    <error message="Instruction type does not match stack map in method modelo.mapa.Mapa.guardar()Lorg/dom4j/Element; at offset 118" type="java.lang.VerifyError">java.lang.VerifyError: Instruction type does not match stack map in method modelo.mapa.Mapa.guardar()Lorg/dom4j/Element; at offset 118
	at java.lang.Class.getDeclaredConstructors0(Native Method)
	at java.lang.Class.privateGetDeclaredConstructors(Unknown Source)
	at java.lang.Class.getDeclaredConstructors(Unknown Source)
	at org.mockito.internal.creation.jmock.ClassImposterizer.setConstructorsAccessible(ClassImposterizer.java:58)
	at org.mockito.internal.creation.jmock.ClassImposterizer.imposterise(ClassImposterizer.java:53)
	at org.mockito.internal.util.MockUtil.createMock(MockUtil.java:52)
	at org.mockito.internal.MockitoCore.mock(MockitoCore.java:41)
	at org.mockito.Mockito.mock(Mockito.java:1014)
	at org.mockito.Mockito.mock(Mockito.java:909)
	at modelo.enemigostest.CecilioTest.&lt;init&gt;(CecilioTest.java:20)
	at java.lang.reflect.Constructor.newInstance(Unknown Source)
</error>
  </testcase>
  <testcase classname="modelo.enemigostest.CecilioTest" name="testchocar" time="0.0">
    <error message="Instruction type does not match stack map in method modelo.mapa.Mapa.guardar()Lorg/dom4j/Element; at offset 118" type="java.lang.VerifyError">java.lang.VerifyError: Instruction type does not match stack map in method modelo.mapa.Mapa.guardar()Lorg/dom4j/Element; at offset 118
	at java.lang.Class.getDeclaredConstructors0(Native Method)
	at java.lang.Class.privateGetDeclaredConstructors(Unknown Source)
	at java.lang.Class.getDeclaredConstructors(Unknown Source)
	at org.mockito.internal.creation.jmock.ClassImposterizer.setConstructorsAccessible(ClassImposterizer.java:58)
	at org.mockito.internal.creation.jmock.ClassImposterizer.imposterise(ClassImposterizer.java:53)
	at org.mockito.internal.util.MockUtil.createMock(MockUtil.java:52)
	at org.mockito.internal.MockitoCore.mock(MockitoCore.java:41)
	at org.mockito.Mockito.mock(Mockito.java:1014)
	at org.mockito.Mockito.mock(Mockito.java:909)
	at modelo.enemigostest.CecilioTest.&lt;init&gt;(CecilioTest.java:20)
	at java.lang.reflect.Constructor.newInstance(Unknown Source)
</error>
  </testcase>
  <testcase classname="modelo.enemigostest.CecilioTest" name="testInicializarVelocidad" time="0.0">
    <error message="Instruction type does not match stack map in method modelo.mapa.Mapa.guardar()Lorg/dom4j/Element; at offset 118" type="java.lang.VerifyError">java.lang.VerifyError: Instruction type does not match stack map in method modelo.mapa.Mapa.guardar()Lorg/dom4j/Element; at offset 118
	at java.lang.Class.getDeclaredConstructors0(Native Method)
	at java.lang.Class.privateGetDeclaredConstructors(Unknown Source)
	at java.lang.Class.getDeclaredConstructors(Unknown Source)
	at org.mockito.internal.creation.jmock.ClassImposterizer.setConstructorsAccessible(ClassImposterizer.java:58)
	at org.mockito.internal.creation.jmock.ClassImposterizer.imposterise(ClassImposterizer.java:53)
	at org.mockito.internal.util.MockUtil.createMock(MockUtil.java:52)
	at org.mockito.internal.MockitoCore.mock(MockitoCore.java:41)
	at org.mockito.Mockito.mock(Mockito.java:1014)
	at org.mockito.Mockito.mock(Mockito.java:909)
	at modelo.enemigostest.CecilioTest.&lt;init&gt;(CecilioTest.java:20)
	at java.lang.reflect.Constructor.newInstance(Unknown Source)
</error>
  </testcase>
  <testcase classname="modelo.enemigostest.CecilioTest" name="testInicializarBomba" time="0.0">
    <error message="Instruction type does not match stack map in method modelo.mapa.Mapa.guardar()Lorg/dom4j/Element; at offset 118" type="java.lang.VerifyError">java.lang.VerifyError: Instruction type does not match stack map in method modelo.mapa.Mapa.guardar()Lorg/dom4j/Element; at offset 118
	at java.lang.Class.getDeclaredConstructors0(Native Method)
	at java.lang.Class.privateGetDeclaredConstructors(Unknown Source)
	at java.lang.Class.getDeclaredConstructors(Unknown Source)
	at org.mockito.internal.creation.jmock.ClassImposterizer.setConstructorsAccessible(ClassImposterizer.java:58)
	at org.mockito.internal.creation.jmock.ClassImposterizer.imposterise(ClassImposterizer.java:53)
	at org.mockito.internal.util.MockUtil.createMock(MockUtil.java:52)
	at org.mockito.internal.MockitoCore.mock(MockitoCore.java:41)
	at org.mockito.Mockito.mock(Mockito.java:1014)
	at org.mockito.Mockito.mock(Mockito.java:909)
	at modelo.enemigostest.CecilioTest.&lt;init&gt;(CecilioTest.java:20)
	at java.lang.reflect.Constructor.newInstance(Unknown Source)
</error>
  </testcase>
  <testcase classname="modelo.enemigostest.CecilioTest" name="testInicializarVida" time="0.0">
    <error message="Instruction type does not match stack map in method modelo.mapa.Mapa.guardar()Lorg/dom4j/Element; at offset 118" type="java.lang.VerifyError">java.lang.VerifyError: Instruction type does not match stack map in method modelo.mapa.Mapa.guardar()Lorg/dom4j/Element; at offset 118
	at java.lang.Class.getDeclaredConstructors0(Native Method)
	at java.lang.Class.privateGetDeclaredConstructors(Unknown Source)
	at java.lang.Class.getDeclaredConstructors(Unknown Source)
	at org.mockito.internal.creation.jmock.ClassImposterizer.setConstructorsAccessible(ClassImposterizer.java:58)
	at org.mockito.internal.creation.jmock.ClassImposterizer.imposterise(ClassImposterizer.java:53)
	at org.mockito.internal.util.MockUtil.createMock(MockUtil.java:52)
	at org.mockito.internal.MockitoCore.mock(MockitoCore.java:41)
	at org.mockito.Mockito.mock(Mockito.java:1014)
	at org.mockito.Mockito.mock(Mockito.java:909)
	at modelo.enemigostest.CecilioTest.&lt;init&gt;(CecilioTest.java:20)
	at java.lang.reflect.Constructor.newInstance(Unknown Source)
</error>
  </testcase>
  <testcase classname="modelo.enemigostest.CecilioTest" name="testInicializarCoordenadaX" time="0.016">
    <error message="Instruction type does not match stack map in method modelo.mapa.Mapa.guardar()Lorg/dom4j/Element; at offset 118" type="java.lang.VerifyError">java.lang.VerifyError: Instruction type does not match stack map in method modelo.mapa.Mapa.guardar()Lorg/dom4j/Element; at offset 118
	at java.lang.Class.getDeclaredConstructors0(Native Method)
	at java.lang.Class.privateGetDeclaredConstructors(Unknown Source)
	at java.lang.Class.getDeclaredConstructors(Unknown Source)
	at org.mockito.internal.creation.jmock.ClassImposterizer.setConstructorsAccessible(ClassImposterizer.java:58)
	at org.mockito.internal.creation.jmock.ClassImposterizer.imposterise(ClassImposterizer.java:53)
	at org.mockito.internal.util.MockUtil.createMock(MockUtil.java:52)
	at org.mockito.internal.MockitoCore.mock(MockitoCore.java:41)
	at org.mockito.Mockito.mock(Mockito.java:1014)
	at org.mockito.Mockito.mock(Mockito.java:909)
	at modelo.enemigostest.CecilioTest.&lt;init&gt;(CecilioTest.java:20)
	at java.lang.reflect.Constructor.newInstance(Unknown Source)
</error>
  </testcase>
  <testcase classname="modelo.enemigostest.CecilioTest" name="testInicializarCoordenadaY" time="0.0">
    <error message="Instruction type does not match stack map in method modelo.mapa.Mapa.guardar()Lorg/dom4j/Element; at offset 118" type="java.lang.VerifyError">java.lang.VerifyError: Instruction type does not match stack map in method modelo.mapa.Mapa.guardar()Lorg/dom4j/Element; at offset 118
	at java.lang.Class.getDeclaredConstructors0(Native Method)
	at java.lang.Class.privateGetDeclaredConstructors(Unknown Source)
	at java.lang.Class.getDeclaredConstructors(Unknown Source)
	at org.mockito.internal.creation.jmock.ClassImposterizer.setConstructorsAccessible(ClassImposterizer.java:58)
	at org.mockito.internal.creation.jmock.ClassImposterizer.imposterise(ClassImposterizer.java:53)
	at org.mockito.internal.util.MockUtil.createMock(MockUtil.java:52)
	at org.mockito.internal.MockitoCore.mock(MockitoCore.java:41)
	at org.mockito.Mockito.mock(Mockito.java:1014)
	at org.mockito.Mockito.mock(Mockito.java:909)
	at modelo.enemigostest.CecilioTest.&lt;init&gt;(CecilioTest.java:20)
	at java.lang.reflect.Constructor.newInstance(Unknown Source)
</error>
  </testcase>
  <testcase classname="modelo.enemigostest.CecilioTest" name="testRestarVida" time="0.0">
    <error message="Instruction type does not match stack map in method modelo.mapa.Mapa.guardar()Lorg/dom4j/Element; at offset 118" type="java.lang.VerifyError">java.lang.VerifyError: Instruction type does not match stack map in method modelo.mapa.Mapa.guardar()Lorg/dom4j/Element; at offset 118
	at java.lang.Class.getDeclaredConstructors0(Native Method)
	at java.lang.Class.privateGetDeclaredConstructors(Unknown Source)
	at java.lang.Class.getDeclaredConstructors(Unknown Source)
	at org.mockito.internal.creation.jmock.ClassImposterizer.setConstructorsAccessible(ClassImposterizer.java:58)
	at org.mockito.internal.creation.jmock.ClassImposterizer.imposterise(ClassImposterizer.java:53)
	at org.mockito.internal.util.MockUtil.createMock(MockUtil.java:52)
	at org.mockito.internal.MockitoCore.mock(MockitoCore.java:41)
	at org.mockito.Mockito.mock(Mockito.java:1014)
	at org.mockito.Mockito.mock(Mockito.java:909)
	at modelo.enemigostest.CecilioTest.&lt;init&gt;(CecilioTest.java:20)
	at java.lang.reflect.Constructor.newInstance(Unknown Source)
</error>
  </testcase>
  <testcase classname="modelo.enemigostest.CecilioTest" name="testCaminarRandom" time="0.0">
    <error message="Instruction type does not match stack map in method modelo.mapa.Mapa.guardar()Lorg/dom4j/Element; at offset 118" type="java.lang.VerifyError">java.lang.VerifyError: Instruction type does not match stack map in method modelo.mapa.Mapa.guardar()Lorg/dom4j/Element; at offset 118
	at java.lang.Class.getDeclaredConstructors0(Native Method)
	at java.lang.Class.privateGetDeclaredConstructors(Unknown Source)
	at java.lang.Class.getDeclaredConstructors(Unknown Source)
	at org.mockito.internal.creation.jmock.ClassImposterizer.setConstructorsAccessible(ClassImposterizer.java:58)
	at org.mockito.internal.creation.jmock.ClassImposterizer.imposterise(ClassImposterizer.java:53)
	at org.mockito.internal.util.MockUtil.createMock(MockUtil.java:52)
	at org.mockito.internal.MockitoCore.mock(MockitoCore.java:41)
	at org.mockito.Mockito.mock(Mockito.java:1014)
	at org.mockito.Mockito.mock(Mockito.java:909)
	at modelo.enemigostest.CecilioTest.&lt;init&gt;(CecilioTest.java:20)
	at java.lang.reflect.Constructor.newInstance(Unknown Source)
</error>
  </testcase>
  <testcase classname="modelo.enemigostest.CecilioTest" name="testEnemigoAtacar" time="0.0">
    <error message="Instruction type does not match stack map in method modelo.mapa.Mapa.guardar()Lorg/dom4j/Element; at offset 118" type="java.lang.VerifyError">java.lang.VerifyError: Instruction type does not match stack map in method modelo.mapa.Mapa.guardar()Lorg/dom4j/Element; at offset 118
	at java.lang.Class.getDeclaredConstructors0(Native Method)
	at java.lang.Class.privateGetDeclaredConstructors(Unknown Source)
	at java.lang.Class.getDeclaredConstructors(Unknown Source)
	at org.mockito.internal.creation.jmock.ClassImposterizer.setConstructorsAccessible(ClassImposterizer.java:58)
	at org.mockito.internal.creation.jmock.ClassImposterizer.imposterise(ClassImposterizer.java:53)
	at org.mockito.internal.util.MockUtil.createMock(MockUtil.java:52)
	at org.mockito.internal.MockitoCore.mock(MockitoCore.java:41)
	at org.mockito.Mockito.mock(Mockito.java:1014)
	at org.mockito.Mockito.mock(Mockito.java:909)
	at modelo.enemigostest.CecilioTest.&lt;init&gt;(CecilioTest.java:20)
	at java.lang.reflect.Constructor.newInstance(Unknown Source)
</error>
  </testcase>
>>>>>>> .r360
  <system-out><![CDATA[]]></system-out>
  <system-err><![CDATA[]]></system-err>
</testsuite>
