<?xml version="1.0" encoding="UTF-8" ?>
<testsuite errors="0" failures="0" hostname="Fedee-PC" name="modelo.bloquetest.BloqueAceroTest" tests="5" time="0.055" timestamp="2012-07-05T03:44:17">
  <properties>
    <property name="java.vendor" value="Oracle Corporation" />
    <property name="coverage.summaryxml.dir" value="C:\Users\Fedee\Desktop\proyectobomberman\BombitaTp2\build\reports\cobertura-summary-xml" />
    <property name="libs" value="C:\Users\Fedee\Desktop\proyectobomberman\BombitaTp2\libs" />
    <property name="sun.java.launcher" value="SUN_STANDARD" />
    <property name="sun.management.compiler" value="HotSpot Client Compiler" />
    <property name="os.name" value="Windows 7" />
    <property name="sun.boot.class.path" value="C:\Program Files\Java\jdk1.7.0_01\jre\lib\resources.jar;C:\Program Files\Java\jdk1.7.0_01\jre\lib\rt.jar;C:\Program Files\Java\jdk1.7.0_01\jre\lib\sunrsasign.jar;C:\Program Files\Java\jdk1.7.0_01\jre\lib\jsse.jar;C:\Program Files\Java\jdk1.7.0_01\jre\lib\jce.jar;C:\Program Files\Java\jdk1.7.0_01\jre\lib\charsets.jar;C:\Program Files\Java\jdk1.7.0_01\jre\classes" />
    <property name="reports.html.dir" value="C:\Users\Fedee\Desktop\proyectobomberman\BombitaTp2\build\reports\junit-html" />
    <property name="sun.desktop" value="windows" />
    <property name="java.vm.specification.vendor" value="Oracle Corporation" />
    <property name="net.sourceforge.cobertura.datafile" value="C:\Users\Fedee\Desktop\proyectobomberman\BombitaTp2\build\cobertura.ser" />
    <property name="ant.home" value="C:\ant" />
    <property name="java.runtime.version" value="1.7.0_01-b08" />
    <property name="ant.file.type.titiritero" value="file" />
    <property name="cobertura.dir" value="C:\Users\Fedee\Desktop\proyectobomberman\BombitaTp2\libs" />
    <property name="user.name" value="Fedee" />
    <property name="ant.file.titiritero" value="C:\Users\Fedee\Desktop\proyectobomberman\BombitaTp2\build.xml" />
    <property name="user.language" value="es" />
    <property name="build" value="C:\Users\Fedee\Desktop\proyectobomberman\BombitaTp2\build" />
    <property name="sun.boot.library.path" value="C:\Program Files\Java\jdk1.7.0_01\jre\bin" />
    <property name="reports.dir" value="C:\Users\Fedee\Desktop\proyectobomberman\BombitaTp2\build\reports" />
    <property name="ant.project.default-target" value="test" />
    <property name="ant.project.name" value="titiritero" />
    <property name="java.version" value="1.7.0_01" />
    <property name="coverage.html.dir" value="C:\Users\Fedee\Desktop\proyectobomberman\BombitaTp2\build\reports\cobertura-html" />
    <property name="user.timezone" value="" />
    <property name="sun.arch.data.model" value="32" />
    <property name="java.endorsed.dirs" value="C:\Program Files\Java\jdk1.7.0_01\jre\lib\endorsed" />
    <property name="sun.cpu.isalist" value="pentium_pro+mmx pentium_pro pentium+mmx pentium i486 i386 i86" />
    <property name="sun.jnu.encoding" value="Cp1252" />
    <property name="file.encoding.pkg" value="sun.io" />
    <property name="file.separator" value="\" />
    <property name="java.specification.name" value="Java Platform API Specification" />
    <property name="classes.dir" value="C:\Users\Fedee\Desktop\proyectobomberman\BombitaTp2\build" />
    <property name="java.class.version" value="51.0" />
    <property name="user.country" value="ES" />
    <property name="java.home" value="C:\Program Files\Java\jdk1.7.0_01\jre" />
    <property name="java.vm.info" value="mixed mode, sharing" />
    <property name="ant.file" value="C:\Users\Fedee\Desktop\proyectobomberman\BombitaTp2\build.xml" />
    <property name="os.version" value="6.1" />
    <property name="path.separator" value=";" />
    <property name="java.vm.version" value="21.1-b02" />
    <property name="user.variant" value="" />
    <property name="ant.library.dir" value="C:\ant\lib" />
    <property name="java.awt.printerjob" value="sun.awt.windows.WPrinterJob" />
    <property name="sun.io.unicode.encoding" value="UnicodeLittle" />
    <property name="awt.toolkit" value="sun.awt.windows.WToolkit" />
    <property name="user.script" value="" />
    <property name="reports.xml.dir" value="C:\Users\Fedee\Desktop\proyectobomberman\BombitaTp2\build\reports\junit-xml" />
    <property name="user.home" value="C:\Users\Fedee" />
    <property name="java.specification.vendor" value="Oracle Corporation" />
    <property name="coverage.xml.dir" value="C:\Users\Fedee\Desktop\proyectobomberman\BombitaTp2\build\reports\cobertura-xml" />
    <property name="java.library.path" value="C:\Program Files\Java\jdk1.7.0_01\jre\bin;C:\Windows\Sun\Java\bin;C:\Windows\system32;C:\Windows;C:\Windows\system32;C:\Windows;C:\Windows\System32\Wbem;C:\Windows\System32\WindowsPowerShell\v1.0\;C:\Program Files\QuickTime\QTSystem\;C:\Users\Fedee\Federico.doc\FIUBA\Algoritmos III\Programas\apache-ant-1.8.4\bin;C:\Program Files\TortoiseSVN\bin;C:\ant\bin;C:\Program Files\Java\jdk1.7.0_01\bin;." />
    <property name="java.vendor.url" value="http://java.oracle.com/" />
    <property name="java.vm.vendor" value="Oracle Corporation" />
    <property name="java.runtime.name" value="Java(TM) SE Runtime Environment" />
    <property name="sun.java.command" value="org.apache.tools.ant.taskdefs.optional.junit.JUnitTestRunner testsfile=C:\Users\Fedee\Desktop\proyectobomberman\BombitaTp2\junittestcases6429097796426384965.properties filtertrace=true haltOnError=false haltOnFailure=false showoutput=false outputtoformatters=true logfailedtests=true logtestlistenerevents=false formatter=org.apache.tools.ant.taskdefs.optional.junit.XMLJUnitResultFormatter,C:\Users\Fedee\Desktop\proyectobomberman\BombitaTp2\build\reports\junit-xml\IGNORETHIS.xml crashfile=C:\Users\Fedee\Desktop\proyectobomberman\BombitaTp2\junitvmwatcher7222223662760705537.properties propsfile=C:\Users\Fedee\Desktop\proyectobomberman\BombitaTp2\junit8265273282820422621.properties" />
    <property name="java.class.path" value="C:\Users\Fedee\Desktop\proyectobomberman\BombitaTp2\build\instrumented;C:\Users\Fedee\Desktop\proyectobomberman\BombitaTp2\build;C:\Users\Fedee\Desktop\proyectobomberman\BombitaTp2\libs\asm-3.0.jar;C:\Users\Fedee\Desktop\proyectobomberman\BombitaTp2\libs\asm-tree-3.0.jar;C:\Users\Fedee\Desktop\proyectobomberman\BombitaTp2\libs\checkstyle-5.5-all.jar;C:\Users\Fedee\Desktop\proyectobomberman\BombitaTp2\libs\cobertura.jar;C:\Users\Fedee\Desktop\proyectobomberman\BombitaTp2\libs\dom4j-1.6.1.jar;C:\Users\Fedee\Desktop\proyectobomberman\BombitaTp2\libs\jakarta-oro-2.0.8.jar;C:\Users\Fedee\Desktop\proyectobomberman\BombitaTp2\libs\junit-4.10.jar;C:\Users\Fedee\Desktop\proyectobomberman\BombitaTp2\libs\log4j-1.2.9.jar;C:\Users\Fedee\Desktop\proyectobomberman\BombitaTp2\libs\mockito-all-1.9.0.jar;C:\Users\Fedee\Desktop\proyectobomberman\BombitaTp2\build\tests;C:\Users\Fedee\Desktop\proyectobomberman\BombitaTp2;C:\Program Files\QuickTime\QTSystem\QTJava.zip;C:\Program Files\Java\jre7\lib;C:\ant\lib\ant-launcher.jar;C:\ant\lib\ant.jar;C:\ant\lib\ant-junit.jar;C:\ant\lib\ant-junit4.jar" />
    <property name="ant.version" value="Apache Ant(TM) version 1.8.4 compiled on May 22 2012" />
    <property name="java.vm.specification.name" value="Java Virtual Machine Specification" />
    <property name="ant.file.type" value="file" />
    <property name="java.vm.specification.version" value="1.7" />
    <property name="sun.cpu.endian" value="little" />
    <property name="sun.os.patch.level" value="" />
    <property name="java.io.tmpdir" value="C:\Users\Fedee\AppData\Local\Temp\" />
    <property name="java.vendor.url.bug" value="http://bugreport.sun.com/bugreport/" />
    <property name="os.arch" value="x86" />
    <property name="java.awt.graphicsenv" value="sun.awt.Win32GraphicsEnvironment" />
    <property name="instrumented.dir" value="C:\Users\Fedee\Desktop\proyectobomberman\BombitaTp2\build\instrumented" />
    <property name="java.ext.dirs" value="C:\Program Files\Java\jdk1.7.0_01\jre\lib\ext;C:\Windows\Sun\Java\lib\ext" />
    <property name="user.dir" value="C:\Users\Fedee\Desktop\proyectobomberman\BombitaTp2" />
    <property name="line.separator" value="&#xd;&#xa;" />
    <property name="java.vm.name" value="Java HotSpot(TM) Client VM" />
    <property name="basedir" value="C:\Users\Fedee\Desktop\proyectobomberman\BombitaTp2" />
    <property name="ant.java.version" value="1.7" />
    <property name="ant.core.lib" value="C:\ant\lib\ant.jar" />
    <property name="file.encoding" value="Cp1252" />
    <property name="java.specification.version" value="1.7" />
    <property name="src.dir" value="C:\Users\Fedee\Desktop\proyectobomberman\BombitaTp2\src" />
    <property name="ant.project.invoked-targets" value="test" />
  </properties>
  <testcase classname="modelo.bloquetest.BloqueAceroTest" name="testObtenerPuntaje" time="0.001" />
  <testcase classname="modelo.bloquetest.BloqueAceroTest" name="testQuePruebaQuitarVida" time="0.001" />
  <testcase classname="modelo.bloquetest.BloqueAceroTest" name="testQuePruebaQueUnBloqueEsDestruido" time="0.001" />
  <testcase classname="modelo.bloquetest.BloqueAceroTest" name="testDaniar" time="0.001" />
  <testcase classname="modelo.bloquetest.BloqueAceroTest" name="testQueChequeaQueElObjetoSeCreeCorrectamente" time="0.001" />
  <system-out><![CDATA[]]></system-out>
  <system-err><![CDATA[]]></system-err>
</testsuite>
